<?xml version="1.0" encoding="UTF-8"?>
<!-- Generated by org.testng.reporters.JUnitReportReporter -->
<testsuite hostname="Lakhan" failures="0" tests="1" name="login_test_class.LOGIN_TEST_PERFORM" time="4.881" errors="0" timestamp="2022-11-26T22:22:21 IST" skipped="0">
  <testcase classname="login_test_class.LOGIN_TEST_PERFORM" name="loginwothcredential" time="4.881"/>
  <system-out/>
</testsuite> <!-- login_test_class.LOGIN_TEST_PERFORM -->
